<?xml version="1.0" encoding="UTF-8"?>
<testsuite xmlns:xsi="http://www.w3.org/2001/XMLSchema-instance" xsi:noNamespaceSchemaLocation="https://maven.apache.org/surefire/maven-surefire-plugin/xsd/surefire-test-report-3.0.xsd" version="3.0" name="io.cucumber.junit.platform.engine.CucumberTestEngine" time="0.193" tests="1" errors="1" skipped="0" failures="0">
  <properties>
[...]
</properties>
  <testcase name="Comprar com Sucesso" classname="Comprar Passagem" time="0.063">
    <error message="TODO: implement me" type="io.cucumber.java.PendingException"><![CDATA[io.cucumber.java.PendingException: TODO: implement me
	at steps.ComprarPassagemBDD.que_acesso_o_site(ComprarPassagemBDD.java:12)
	at ✽.que acesso o site "https://www.blazedemo.com/"(file:///D:/Iterasys/Formação%20Teste%20de%20Software%20-%20142/2-%20Automação%20de%20Testes%20em%20Java/blazedemoIDE/src/test/resources/features/ComprarPassagemBDD.feature:6)
]]></error>
    <system-err><![CDATA[mar. 14, 2025 7:22:18 PM io.cucumber.junit.platform.engine.DiscoverySelectorResolver warnWhenCucumberFeaturesPropertyIsUsed
WARNING: Discovering tests using the cucumber.features property. Other discovery selectors are ignored!

This is a work around for the limited JUnit 5 support in Maven and Gradle. Please request/upvote/sponsor/ect better support for JUnit 5 discovery selectors. For details see: https://github.com/cucumber/cucumber-jvm/pull/2498

If you are using the JUnit 5 Suite Engine, Platform Launcher API or Console Launcher you should not use this property. Please consult the JUnit 5 documentation on test selection.
]]></system-err>
  </testcase>
</testsuite>